Wed Mar 21 14:13:59 GMT 2018  [debug] AvalonLogSystem initialized using logfile 'velocity.log'
Wed Mar 21 14:13:59 GMT 2018   [info] ************************************************************** 
Wed Mar 21 14:13:59 GMT 2018   [info] Starting Jakarta Velocity v1.4
Wed Mar 21 14:13:59 GMT 2018   [info] RuntimeInstance initializing.
Wed Mar 21 14:13:59 GMT 2018   [info] Default Properties File: org\apache\velocity\runtime\defaults\velocity.properties
Wed Mar 21 14:13:59 GMT 2018   [info] Trying to use logger class org.apache.velocity.runtime.log.AvalonLogSystem
Wed Mar 21 14:13:59 GMT 2018   [info] Using logger class org.apache.velocity.runtime.log.AvalonLogSystem
Wed Mar 21 14:13:59 GMT 2018   [info] Default ResourceManager initializing. (class org.apache.velocity.runtime.resource.ResourceManagerImpl)
Wed Mar 21 14:13:59 GMT 2018   [info] Resource Loader Instantiated: org.apache.velocity.runtime.resource.loader.FileResourceLoader
Wed Mar 21 14:13:59 GMT 2018   [info] FileResourceLoader : initialization starting.
Wed Mar 21 14:13:59 GMT 2018   [info] FileResourceLoader : adding path '.'
Wed Mar 21 14:13:59 GMT 2018   [info] FileResourceLoader : initialization complete.
Wed Mar 21 14:13:59 GMT 2018   [info] ResourceCache : initialized. (class org.apache.velocity.runtime.resource.ResourceCacheImpl)
Wed Mar 21 14:13:59 GMT 2018   [info] Default ResourceManager initialization complete.
Wed Mar 21 14:13:59 GMT 2018   [info] Loaded System Directive: org.apache.velocity.runtime.directive.Literal
Wed Mar 21 14:13:59 GMT 2018   [info] Loaded System Directive: org.apache.velocity.runtime.directive.Macro
Wed Mar 21 14:13:59 GMT 2018   [info] Loaded System Directive: org.apache.velocity.runtime.directive.Parse
Wed Mar 21 14:13:59 GMT 2018   [info] Loaded System Directive: org.apache.velocity.runtime.directive.Include
Wed Mar 21 14:13:59 GMT 2018   [info] Loaded System Directive: org.apache.velocity.runtime.directive.Foreach
Wed Mar 21 14:13:59 GMT 2018   [info] Created: 20 parsers.
Wed Mar 21 14:13:59 GMT 2018   [info] Velocimacro : initialization starting.
Wed Mar 21 14:13:59 GMT 2018   [info] Velocimacro : adding VMs from VM library template : VM_global_library.vm
Wed Mar 21 14:13:59 GMT 2018  [error] ResourceManager : unable to find resource 'VM_global_library.vm' in any resource loader.
Wed Mar 21 14:13:59 GMT 2018   [info] Velocimacro : error using  VM library template VM_global_library.vm : org.apache.velocity.exception.ResourceNotFoundException: Unable to find resource 'VM_global_library.vm'
Wed Mar 21 14:13:59 GMT 2018   [info] Velocimacro :  VM library template macro registration complete.
Wed Mar 21 14:13:59 GMT 2018   [info] Velocimacro : allowInline = true : VMs can be defined inline in templates
Wed Mar 21 14:13:59 GMT 2018   [info] Velocimacro : allowInlineToOverride = false : VMs defined inline may NOT replace previous VM definitions
Wed Mar 21 14:13:59 GMT 2018   [info] Velocimacro : allowInlineLocal = false : VMs defined inline will be  global in scope if allowed.
Wed Mar 21 14:13:59 GMT 2018   [info] Velocimacro : messages on  : VM system will output logging messages
Wed Mar 21 14:13:59 GMT 2018   [info] Velocimacro : autoload off  : VM system will not automatically reload global library macros
Wed Mar 21 14:13:59 GMT 2018   [info] Velocimacro : initialization complete.
Wed Mar 21 14:13:59 GMT 2018   [info] Velocity successfully started.
Wed Mar 21 14:13:59 GMT 2018   [info] ResourceManager : found ./resources/etl.vm with loader org.apache.velocity.runtime.resource.loader.FileResourceLoader
